Determining if the pthread_create exist failed with the following output:
Change Dir: /home/lee/neor_mini/mini_sim18_ws/build/CMakeFiles/CMakeTmp

Run Build Command:"/usr/bin/make" "cmTC_e1e0b/fast"
/usr/bin/make -f CMakeFiles/cmTC_e1e0b.dir/build.make CMakeFiles/cmTC_e1e0b.dir/build
make[1]: 进入目录“/home/lee/neor_mini/mini_sim18_ws/build/CMakeFiles/CMakeTmp”
Building C object CMakeFiles/cmTC_e1e0b.dir/CheckSymbolExists.c.o
/usr/bin/cc    -o CMakeFiles/cmTC_e1e0b.dir/CheckSymbolExists.c.o   -c /home/lee/neor_mini/mini_sim18_ws/build/CMakeFiles/CMakeTmp/CheckSymbolExists.c
Linking C executable cmTC_e1e0b
/usr/bin/cmake -E cmake_link_script CMakeFiles/cmTC_e1e0b.dir/link.txt --verbose=1
/usr/bin/cc      -rdynamic CMakeFiles/cmTC_e1e0b.dir/CheckSymbolExists.c.o  -o cmTC_e1e0b 
CMakeFiles/cmTC_e1e0b.dir/CheckSymbolExists.c.o：在函数‘main’中：
CheckSymbolExists.c:(.text+0x1b)：对‘pthread_create’未定义的引用
collect2: error: ld returned 1 exit status
CMakeFiles/cmTC_e1e0b.dir/build.make:97: recipe for target 'cmTC_e1e0b' failed
make[1]: *** [cmTC_e1e0b] Error 1
make[1]: 离开目录“/home/lee/neor_mini/mini_sim18_ws/build/CMakeFiles/CMakeTmp”
Makefile:126: recipe for target 'cmTC_e1e0b/fast' failed
make: *** [cmTC_e1e0b/fast] Error 2

File /home/lee/neor_mini/mini_sim18_ws/build/CMakeFiles/CMakeTmp/CheckSymbolExists.c:
/* */
#include <pthread.h>

int main(int argc, char** argv)
{
  (void)argv;
#ifndef pthread_create
  return ((int*)(&pthread_create))[argc];
#else
  (void)argc;
  return 0;
#endif
}

Determining if the function pthread_create exists in the pthreads failed with the following output:
Change Dir: /home/lee/neor_mini/mini_sim18_ws/build/CMakeFiles/CMakeTmp

Run Build Command:"/usr/bin/make" "cmTC_6630c/fast"
/usr/bin/make -f CMakeFiles/cmTC_6630c.dir/build.make CMakeFiles/cmTC_6630c.dir/build
make[1]: 进入目录“/home/lee/neor_mini/mini_sim18_ws/build/CMakeFiles/CMakeTmp”
Building C object CMakeFiles/cmTC_6630c.dir/CheckFunctionExists.c.o
/usr/bin/cc   -DCHECK_FUNCTION_EXISTS=pthread_create   -o CMakeFiles/cmTC_6630c.dir/CheckFunctionExists.c.o   -c /usr/share/cmake-3.10/Modules/CheckFunctionExists.c
Linking C executable cmTC_6630c
/usr/bin/cmake -E cmake_link_script CMakeFiles/cmTC_6630c.dir/link.txt --verbose=1
/usr/bin/cc  -DCHECK_FUNCTION_EXISTS=pthread_create    -rdynamic CMakeFiles/cmTC_6630c.dir/CheckFunctionExists.c.o  -o cmTC_6630c -lpthreads 
/usr/bin/ld: 找不到 -lpthreads
collect2: error: ld returned 1 exit status
CMakeFiles/cmTC_6630c.dir/build.make:97: recipe for target 'cmTC_6630c' failed
make[1]: *** [cmTC_6630c] Error 1
make[1]: 离开目录“/home/lee/neor_mini/mini_sim18_ws/build/CMakeFiles/CMakeTmp”
Makefile:126: recipe for target 'cmTC_6630c/fast' failed
make: *** [cmTC_6630c/fast] Error 2


